[INFO][VM][EVENT][THREAD_POOL_SIZE] - thread pool size :[0]
[INFO][VM][EVENT][NEW_THREAD] - New thread id:[0]
[INFO][VM][EVENT][RELOAD_CREW] - New flightAttendent ID:[0] Joined the crew
[INFO][VM][EVENT][NEW_THREAD] - New thread id:[0]
[INFO][VM][EVENT][RELOAD_CREW] - New flightAttendent ID:[0] Joined the crew
[INFO][VM][EVENT][THREAD_POOL_SIZE] - thread pool size :[0]
[INFO][VM][EVENT][NEW_THREAD] - New thread id:[0]
[INFO][VM][EVENT][RELOAD_CREW] - New flightAttendent ID:[0] Joined the crew
[INFO][VM][EVENT][NEW_THREAD] - New thread id:[0]
[INFO][VM][EVENT][RELOAD_CREW] - New flightAttendent ID:[0] Joined the crew
[INFO][VM][EVENT][THREAD_POOL_SIZE] - thread pool size :[0]
[INFO][VM][EVENT][RELOAD_CREW] - New flightAttendent ID:[0] Joined the crew
[INFO][VM][EVENT][NEW_THREAD] - New thread id:[0]
[INFO][VM][EVENT][THREAD_POOL_SIZE] - thread pool size :[0]
[INFO][VM][EVENT][NEW_THREAD] - New thread id:[0]
[INFO][VM][EVENT][RELOAD_CREW] - New flightAttendent ID:[0] Joined the crew
[INFO][VM][EVENT][COUNT_GOROTINES] - Total of gorotines running: {6} 
[INFO][VM][EVENT][COUNT_GOROTINES] - Total of gorotines running: {59} 
[INFO][VM][EVENT][COUNT_GOROTINES] - Total of gorotines running: {59} 
[INFO][VM][EVENT][COUNT_GOROTINES] - Total of gorotines running: {61} 
[INFO][VM][EVENT][COUNT_GOROTINES] - Total of gorotines running: {61} 
[INFO][VM][EVENT][COUNT_GOROTINES] - Total of gorotines running: {63} 
[INFO][VM][EVENT][COUNT_GOROTINES] - Total of gorotines running: {63} 
[INFO][VM][EVENT][COUNT_GOROTINES] - Total of gorotines running: {65} 
[INFO][VM][EVENT][COUNT_GOROTINES] - Total of gorotines running: {65} 
[INFO][VM][EVENT][COUNT_GOROTINES] - Total of gorotines running: {67} 
[INFO][VM][EVENT][COUNT_GOROTINES] - Total of gorotines running: {67} 
[INFO][VM][EVENT][COUNT_GOROTINES] - Total of gorotines running: {69} 
[INFO][VM][EVENT][COUNT_GOROTINES] - Total of gorotines running: {69} 
[INFO][VM][EVENT][COUNT_GOROTINES] - Total of gorotines running: {71} 
[INFO][VM][EVENT][COUNT_GOROTINES] - Total of gorotines running: {71} 
[INFO][VM][EVENT][COUNT_GOROTINES] - Total of gorotines running: {73} 
[INFO][VM][EVENT][COUNT_GOROTINES] - Total of gorotines running: {73} 
[INFO][VM][EVENT][COUNT_GOROTINES] - Total of gorotines running: {75} 
[INFO][VM][EVENT][COUNT_GOROTINES] - Total of gorotines running: {75} 
[INFO][VM][EVENT][COUNT_GOROTINES] - Total of gorotines running: {77} 
[INFO][VM][EVENT][COUNT_GOROTINES] - Total of gorotines running: {77} 
[INFO][VM][EVENT][COUNT_GOROTINES] - Total of gorotines running: {79} 
[INFO][VM][EVENT][COUNT_GOROTINES] - Total of gorotines running: {79} 
[INFO][VM][EVENT][COUNT_GOROTINES] - Total of gorotines running: {8} 
[INFO][VM][EVENT][COUNT_GOROTINES] - Total of gorotines running: {9} 
[INFO][VM][EVENT][COUNT_GOROTINES] - Total of gorotines running: {10} 
[INFO][VM][EVENT][COUNT_GOROTINES] - Total of gorotines running: {11} 
[INFO][VM][EVENT][COUNT_GOROTINES] - Total of gorotines running: {12} 
[INFO][VM][EVENT][COUNT_GOROTINES] - Total of gorotines running: {13} 
[INFO][VM][EVENT][THREAD_POOL_SIZE] - thread pool size :[1]
[INFO][VM][EVENT][COUNT_GOROTINES] - Total of gorotines running: {15} 
[INFO][VM][EVENT][COUNT_GOROTINES] - Total of gorotines running: {14} 
[INFO][VM][EVENT][COUNT_GOROTINES] - Total of gorotines running: {17} 
[INFO][VM][EVENT][COUNT_GOROTINES] - Total of gorotines running: {17} 
[INFO][VM][EVENT][COUNT_GOROTINES] - Total of gorotines running: {19} 
[INFO][VM][EVENT][COUNT_GOROTINES] - Total of gorotines running: {19} 
[INFO][VM][EVENT][COUNT_GOROTINES] - Total of gorotines running: {21} 
[INFO][VM][EVENT][COUNT_GOROTINES] - Total of gorotines running: {21} 
[INFO][VM][EVENT][COUNT_GOROTINES] - Total of gorotines running: {182} 
[INFO][VM][EVENT][COUNT_GOROTINES] - Total of gorotines running: {23} 
[INFO][VM][EVENT][COUNT_GOROTINES] - Total of gorotines running: {31} 
[INFO][VM][EVENT][COUNT_GOROTINES] - Total of gorotines running: {23} 
[INFO][VM][EVENT][COUNT_GOROTINES] - Total of gorotines running: {25} 
[INFO][VM][EVENT][COUNT_GOROTINES] - Total of gorotines running: {25} 
[INFO][VM][EVENT][COUNT_GOROTINES] - Total of gorotines running: {27} 
[INFO][VM][EVENT][COUNT_GOROTINES] - Total of gorotines running: {27} 
[INFO][VM][EVENT][THREAD_POOL_SIZE] - thread pool size :[0]
[INFO][VM][EVENT][NEW_THREAD] - New thread id:[0]
[INFO][VM][EVENT][RELOAD_CREW] - New flightAttendent ID:[0] Joined the crew
[INFO][VM][EVENT][RELOAD_CREW] - New flightAttendent ID:[0] Joined the crew
[INFO][VM][EVENT][NEW_THREAD] - New thread id:[0]
[INFO][VM][EVENT][THREAD_POOL_SIZE] - thread pool size :[0]
[INFO][VM][EVENT][RELOAD_CREW] - New flightAttendent ID:[1] Joined the crew
[INFO][VM][EVENT][THREAD_WAIT] - thread_ID :[0]
[INFO][VM][EVENT][THREAD_WAIT] - thread_ID :[1]
[INFO][VM][EVENT][NEW_THREAD] - New thread id:[1]
[INFO][VM][EVENT][RELOAD_CREW] - New flightAttendent ID:[2] Joined the crew
[INFO][VM][EVENT][NEW_THREAD] - New thread id:[2]
[INFO][VM][EVENT][THREAD_DONE] - thread_ID :[2]
[INFO][VM][EVENT][RELEASED] - thread_ID :[1]
[INFO][VM][EVENT][THREAD_WAIT] - thread_ID :[0]
[INFO][VM][EVENT][RELEASED] - thread_ID :[0]
[INFO][VM][EVENT][THREAD_DONE] - thread_ID :[1]
[INFO][VM][EVENT][NEW_THREAD] - New thread id:[0]
[INFO][VM][EVENT][RELOAD_CREW] - New flightAttendent ID:[0] Joined the crew
[INFO][VM][EVENT][THREAD_POOL_SIZE] - thread pool size :[1]
[INFO][VM][EVENT][THREAD_WAIT] - thread_ID :[0]
[INFO][VM][EVENT][NEW_THREAD] - New thread id:[1]
[INFO][VM][EVENT][RELOAD_CREW] - New flightAttendent ID:[1] Joined the crew
[INFO][VM][EVENT][RELOAD_CREW] - New flightAttendent ID:[2] Joined the crew
[INFO][VM][EVENT][THREAD_WAIT] - thread_ID :[1]
[INFO][VM][EVENT][THREAD_WAIT] - thread_ID :[0]
[INFO][VM][EVENT][THREAD_DONE] - thread_ID :[2]
[INFO][VM][EVENT][NEW_THREAD] - New thread id:[2]
[INFO][VM][EVENT][RELEASED] - thread_ID :[1]
[INFO][VM][EVENT][THREAD_DONE] - thread_ID :[1]
[INFO][VM][EVENT][THREAD_DONE] - thread_ID :[0]
[INFO][VM][EVENT][RELEASED] - thread_ID :[0]
[INFO][VM][EVENT][RELOAD_CREW] - New flightAttendent ID:[0] Joined the crew
[INFO][VM][EVENT][NEW_THREAD] - New thread id:[0]
[INFO][VM][EVENT][THREAD_POOL_SIZE] - thread pool size :[1]
[INFO][VM][EVENT][THREAD_WAIT] - thread_ID :[0]
[INFO][VM][EVENT][RELOAD_CREW] - New flightAttendent ID:[1] Joined the crew
[INFO][VM][EVENT][NEW_THREAD] - New thread id:[1]
[INFO][VM][EVENT][THREAD_WAIT] - thread_ID :[1]
[INFO][VM][EVENT][THREAD_WAIT] - thread_ID :[0]
[INFO][VM][EVENT][NEW_THREAD] - New thread id:[2]
[INFO][VM][EVENT][RELOAD_CREW] - New flightAttendent ID:[2] Joined the crew
[INFO][VM][EVENT][RELEASED] - thread_ID :[1]
[INFO][VM][EVENT][THREAD_DONE] - thread_ID :[2]
[INFO][VM][EVENT][RELEASED] - thread_ID :[0]
[INFO][VM][EVENT][THREAD_DONE] - thread_ID :[1]
[INFO][VM][EVENT][RELOAD_CREW] - New flightAttendent ID:[0] Joined the crew
[INFO][VM][EVENT][NEW_THREAD] - New thread id:[0]
[INFO][VM][EVENT][THREAD_WAIT] - thread_ID :[0]
[INFO][VM][EVENT][RELOAD_CREW] - New flightAttendent ID:[1] Joined the crew
[INFO][VM][EVENT][THREAD_POOL_SIZE] - thread pool size :[0]
[INFO][VM][EVENT][THREAD_WAIT] - thread_ID :[1]
[INFO][VM][EVENT][NEW_THREAD] - New thread id:[1]
[INFO][VM][EVENT][RELOAD_CREW] - New flightAttendent ID:[2] Joined the crew
[INFO][VM][EVENT][NEW_THREAD] - New thread id:[2]
[INFO][VM][EVENT][THREAD_DONE] - thread_ID :[2]
[INFO][VM][EVENT][RELEASED] - thread_ID :[1]
[INFO][VM][EVENT][THREAD_WAIT] - thread_ID :[0]
[INFO][VM][EVENT][RELEASED] - thread_ID :[0]
[INFO][VM][EVENT][THREAD_DONE] - thread_ID :[1]
[INFO][VM][EVENT][NEW_THREAD] - New thread id:[0]
[INFO][VM][EVENT][RELOAD_CREW] - New flightAttendent ID:[0] Joined the crew
[INFO][VM][EVENT][THREAD_POOL_SIZE] - thread pool size :[0]
[INFO][VM][EVENT][RELOAD_CREW] - New flightAttendent ID:[1] Joined the crew
[INFO][VM][EVENT][THREAD_WAIT] - thread_ID :[0]
[INFO][VM][EVENT][THREAD_WAIT] - thread_ID :[1]
[INFO][VM][EVENT][NEW_THREAD] - New thread id:[1]
[INFO][VM][EVENT][RELOAD_CREW] - New flightAttendent ID:[2] Joined the crew
[INFO][VM][EVENT][NEW_THREAD] - New thread id:[2]
[INFO][VM][EVENT][THREAD_WAIT] - thread_ID :[0]
[INFO][VM][EVENT][COUNT_GOROTINES] - Total of gorotines running: {11} 
[INFO][VM][EVENT][THREAD_POOL_SIZE] - thread pool size :[3]
[INFO][VM][EVENT][COUNT_GOROTINES] - Total of gorotines running: {11} 
[INFO][VM][EVENT][COUNT_GOROTINES] - Total of gorotines running: {11} 
[INFO][VM][EVENT][THREAD_POOL_SIZE] - thread pool size :[3]
[INFO][VM][EVENT][COUNT_GOROTINES] - Total of gorotines running: {11} 
[INFO][VM][EVENT][THREAD_POOL_SIZE] - thread pool size :[3]
[INFO][VM][EVENT][COUNT_GOROTINES] - Total of gorotines running: {11} 
[INFO][VM][EVENT][COUNT_GOROTINES] - Total of gorotines running: {11} 
[INFO][VM][EVENT][THREAD_POOL_SIZE] - thread pool size :[3]
[INFO][VM][EVENT][COUNT_GOROTINES] - Total of gorotines running: {11} 
[INFO][VM][EVENT][COUNT_GOROTINES] - Total of gorotines running: {11} 
[INFO][VM][EVENT][THREAD_POOL_SIZE] - thread pool size :[3]
[INFO][VM][EVENT][COUNT_GOROTINES] - Total of gorotines running: {11} 
[INFO][VM][EVENT][THREAD_POOL_SIZE] - thread pool size :[3]
[INFO][VM][EVENT][COUNT_GOROTINES] - Total of gorotines running: {11} 
[INFO][VM][EVENT][THREAD_POOL_SIZE] - thread pool size :[0]
[INFO][VM][EVENT][NEW_THREAD] - New thread id:[0]
[INFO][VM][EVENT][RELOAD_CREW] - New flightAttendent ID:[0] Joined the crew
[INFO][VM][EVENT][RELOAD_CREW] - New flightAttendent ID:[1] Joined the crew
[INFO][VM][EVENT][THREAD_WAIT] - thread_ID :[0]
[INFO][VM][EVENT][THREAD_WAIT] - thread_ID :[1]
[INFO][VM][EVENT][NEW_THREAD] - New thread id:[1]
[INFO][VM][EVENT][RELOAD_CREW] - New flightAttendent ID:[2] Joined the crew
[INFO][VM][EVENT][NEW_THREAD] - New thread id:[2]
[INFO][VM][EVENT][THREAD_WAIT] - thread_ID :[0]
[INFO][VM][EVENT][RELEASED] - thread_ID :[1]
[INFO][VM][EVENT][THREAD_DONE] - thread_ID :[2]
[INFO][VM][EVENT][RELEASED] - thread_ID :[0]
[INFO][VM][EVENT][THREAD_DONE] - thread_ID :[1]
[INFO][VM][EVENT][RELOAD_CREW] - New flightAttendent ID:[0] Joined the crew
[INFO][VM][EVENT][THREAD_POOL_SIZE] - thread pool size :[0]
[INFO][VM][EVENT][NEW_THREAD] - New thread id:[0]
[INFO][VM][EVENT][THREAD_WAIT] - thread_ID :[0]
[INFO][VM][EVENT][NEW_THREAD] - New thread id:[1]
[INFO][VM][EVENT][RELOAD_CREW] - New flightAttendent ID:[1] Joined the crew
[INFO][VM][EVENT][RELOAD_CREW] - New flightAttendent ID:[2] Joined the crew
[INFO][VM][EVENT][THREAD_WAIT] - thread_ID :[1]
[INFO][VM][EVENT][THREAD_WAIT] - thread_ID :[0]
[INFO][VM][EVENT][THREAD_DONE] - thread_ID :[2]
[INFO][VM][EVENT][NEW_THREAD] - New thread id:[2]
[INFO][VM][EVENT][RELEASED] - thread_ID :[1]
[INFO][VM][EVENT][THREAD_DONE] - thread_ID :[1]
[INFO][VM][EVENT][NEW_THREAD] - New thread id:[0]
[INFO][VM][EVENT][RELOAD_CREW] - New flightAttendent ID:[0] Joined the crew
[INFO][VM][EVENT][THREAD_POOL_SIZE] - thread pool size :[1]
[INFO][VM][EVENT][THREAD_WAIT] - thread_ID :[0]
[INFO][VM][EVENT][RELOAD_CREW] - New flightAttendent ID:[1] Joined the crew
[INFO][VM][EVENT][NEW_THREAD] - New thread id:[1]
[INFO][VM][EVENT][COUNT_GOROTINES] - Total of gorotines running: {9} 
[INFO][VM][EVENT][THREAD_POOL_SIZE] - thread pool size :[2]
[INFO][VM][EVENT][COUNT_GOROTINES] - Total of gorotines running: {9} 
[INFO][VM][EVENT][COUNT_GOROTINES] - Total of gorotines running: {9} 
[INFO][VM][EVENT][THREAD_POOL_SIZE] - thread pool size :[2]
[INFO][VM][EVENT][COUNT_GOROTINES] - Total of gorotines running: {9} 
[INFO][VM][EVENT][THREAD_POOL_SIZE] - thread pool size :[2]
[INFO][VM][EVENT][COUNT_GOROTINES] - Total of gorotines running: {9} 
[INFO][VM][EVENT][COUNT_GOROTINES] - Total of gorotines running: {9} 
[INFO][VM][EVENT][RELOAD_CREW] - New flightAttendent ID:[0] Joined the crew
[INFO][VM][EVENT][THREAD_POOL_SIZE] - thread pool size :[0]
[INFO][VM][EVENT][NEW_THREAD] - New thread id:[0]
[INFO][VM][EVENT][RELOAD_CREW] - New flightAttendent ID:[1] Joined the crew
[INFO][VM][EVENT][THREAD_WAIT] - thread_ID :[0]
[INFO][VM][EVENT][NEW_THREAD] - New thread id:[1]
[INFO][VM][EVENT][COUNT_GOROTINES] - Total of gorotines running: {9} 
[INFO][VM][EVENT][THREAD_POOL_SIZE] - thread pool size :[2]
[INFO][VM][EVENT][COUNT_GOROTINES] - Total of gorotines running: {9} 
[INFO][VM][EVENT][COUNT_GOROTINES] - Total of gorotines running: {9} 
[INFO][VM][EVENT][THREAD_POOL_SIZE] - thread pool size :[2]
[INFO][VM][EVENT][COUNT_GOROTINES] - Total of gorotines running: {9} 
[INFO][VM][EVENT][THREAD_POOL_SIZE] - thread pool size :[2]
[INFO][VM][EVENT][COUNT_GOROTINES] - Total of gorotines running: {9} 
[INFO][VM][EVENT][COUNT_GOROTINES] - Total of gorotines running: {9} 
[INFO][VM][EVENT][THREAD_POOL_SIZE] - thread pool size :[2]
[INFO][VM][EVENT][COUNT_GOROTINES] - Total of gorotines running: {9} 
[INFO][VM][EVENT][COUNT_GOROTINES] - Total of gorotines running: {9} 
[INFO][VM][EVENT][THREAD_POOL_SIZE] - thread pool size :[2]
[INFO][VM][EVENT][COUNT_GOROTINES] - Total of gorotines running: {9} 
[INFO][VM][EVENT][THREAD_POOL_SIZE] - thread pool size :[2]
[INFO][VM][EVENT][COUNT_GOROTINES] - Total of gorotines running: {9} 
[INFO][VM][EVENT][COUNT_GOROTINES] - Total of gorotines running: {9} 
[INFO][VM][EVENT][RELOAD_CREW] - New flightAttendent ID:[0] Joined the crew
[INFO][VM][EVENT][THREAD_POOL_SIZE] - thread pool size :[0]
[INFO][VM][EVENT][THREAD_WAIT] - thread_ID :[0]
[INFO][VM][EVENT][NEW_THREAD] - New thread id:[0]
[INFO][VM][EVENT][RELOAD_CREW] - New flightAttendent ID:[1] Joined the crew
[INFO][VM][EVENT][NEW_THREAD] - New thread id:[1]
[INFO][VM][EVENT][RELOAD_CREW] - New flightAttendent ID:[2] Joined the crew
[INFO][VM][EVENT][THREAD_WAIT] - thread_ID :[1]
[INFO][VM][EVENT][THREAD_WAIT] - thread_ID :[0]
[INFO][VM][EVENT][THREAD_DONE] - thread_ID :[2]
[INFO][VM][EVENT][NEW_THREAD] - New thread id:[2]
[INFO][VM][EVENT][RELEASED] - thread_ID :[1]
[INFO][VM][EVENT][THREAD_DONE] - thread_ID :[1]
[INFO][VM][EVENT][THREAD_DONE] - thread_ID :[0]
[INFO][VM][EVENT][RELEASED] - thread_ID :[0]
[INFO][VM][EVENT][RELOAD_CREW] - New flightAttendent ID:[0] Joined the crew
[INFO][VM][EVENT][THREAD_POOL_SIZE] - thread pool size :[0]
[INFO][VM][EVENT][NEW_THREAD] - New thread id:[0]
[INFO][VM][EVENT][RELOAD_CREW] - New flightAttendent ID:[1] Joined the crew
[INFO][VM][EVENT][THREAD_WAIT] - thread_ID :[0]
[INFO][VM][EVENT][THREAD_WAIT] - thread_ID :[1]
[INFO][VM][EVENT][NEW_THREAD] - New thread id:[1]
[INFO][VM][EVENT][RELOAD_CREW] - New flightAttendent ID:[2] Joined the crew
[INFO][VM][EVENT][NEW_THREAD] - New thread id:[2]
[INFO][VM][EVENT][THREAD_DONE] - thread_ID :[2]
[INFO][VM][EVENT][RELEASED] - thread_ID :[1]
[INFO][VM][EVENT][THREAD_WAIT] - thread_ID :[0]
[INFO][VM][EVENT][RELEASED] - thread_ID :[0]
[INFO][VM][EVENT][THREAD_DONE] - thread_ID :[1]
[INFO][VM][EVENT][RELOAD_CREW] - New flightAttendent ID:[0] Joined the crew
[INFO][VM][EVENT][THREAD_POOL_SIZE] - thread pool size :[0]
[INFO][VM][EVENT][NEW_THREAD] - New thread id:[0]
[INFO][VM][EVENT][RELOAD_CREW] - New flightAttendent ID:[1] Joined the crew
[INFO][VM][EVENT][THREAD_WAIT] - thread_ID :[0]
[INFO][VM][EVENT][THREAD_WAIT] - thread_ID :[1]
[INFO][VM][EVENT][NEW_THREAD] - New thread id:[1]
[INFO][VM][EVENT][RELOAD_CREW] - New flightAttendent ID:[2] Joined the crew
[INFO][VM][EVENT][NEW_THREAD] - New thread id:[2]
[INFO][VM][EVENT][THREAD_DONE] - thread_ID :[2]
[INFO][VM][EVENT][RELEASED] - thread_ID :[1]
[INFO][VM][EVENT][THREAD_WAIT] - thread_ID :[0]
[INFO][VM][EVENT][RELEASED] - thread_ID :[0]
[INFO][VM][EVENT][THREAD_DONE] - thread_ID :[1]
[INFO][VM][EVENT][RELOAD_CREW] - New flightAttendent ID:[0] Joined the crew
[INFO][VM][EVENT][THREAD_POOL_SIZE] - thread pool size :[0]
[INFO][VM][EVENT][NEW_THREAD] - New thread id:[0]
[INFO][VM][EVENT][RELOAD_CREW] - New flightAttendent ID:[1] Joined the crew
[INFO][VM][EVENT][THREAD_WAIT] - thread_ID :[0]
[INFO][VM][EVENT][NEW_THREAD] - New thread id:[1]
[INFO][VM][EVENT][THREAD_WAIT] - thread_ID :[0]
[INFO][VM][EVENT][THREAD_WAIT] - thread_ID :[1]
[INFO][VM][EVENT][RELOAD_CREW] - New flightAttendent ID:[2] Joined the crew
[INFO][VM][EVENT][NEW_THREAD] - New thread id:[2]
[INFO][VM][EVENT][COUNT_GOROTINES] - Total of gorotines running: {11} 
[INFO][VM][EVENT][THREAD_POOL_SIZE] - thread pool size :[3]
[INFO][VM][EVENT][COUNT_GOROTINES] - Total of gorotines running: {11} 
[INFO][VM][EVENT][COUNT_GOROTINES] - Total of gorotines running: {11} 
[INFO][VM][EVENT][THREAD_POOL_SIZE] - thread pool size :[3]
[INFO][VM][EVENT][COUNT_GOROTINES] - Total of gorotines running: {11} 
[INFO][VM][EVENT][THREAD_POOL_SIZE] - thread pool size :[3]
[INFO][VM][EVENT][COUNT_GOROTINES] - Total of gorotines running: {11} 
[INFO][VM][EVENT][COUNT_GOROTINES] - Total of gorotines running: {11} 
[INFO][VM][EVENT][THREAD_POOL_SIZE] - thread pool size :[3]
[INFO][VM][EVENT][COUNT_GOROTINES] - Total of gorotines running: {11} 
[INFO][VM][EVENT][COUNT_GOROTINES] - Total of gorotines running: {11} 
[INFO][VM][EVENT][THREAD_POOL_SIZE] - thread pool size :[3]
[INFO][VM][EVENT][COUNT_GOROTINES] - Total of gorotines running: {11} 
[INFO][VM][EVENT][THREAD_POOL_SIZE] - thread pool size :[3]
[INFO][VM][EVENT][COUNT_GOROTINES] - Total of gorotines running: {11} 
[INFO][VM][EVENT][COUNT_GOROTINES] - Total of gorotines running: {11} 
[INFO][VM][EVENT][THREAD_POOL_SIZE] - thread pool size :[3]
[INFO][VM][EVENT][RELOAD_CREW] - New flightAttendent ID:[0] Joined the crew
[INFO][VM][EVENT][NEW_THREAD] - New thread id:[0]
[INFO][VM][EVENT][THREAD_WAIT] - thread_ID :[0]
[INFO][VM][EVENT][RELOAD_CREW] - New flightAttendent ID:[1] Joined the crew
[INFO][VM][EVENT][THREAD_POOL_SIZE] - thread pool size :[0]
[INFO][VM][EVENT][THREAD_WAIT] - thread_ID :[1]
[INFO][VM][EVENT][NEW_THREAD] - New thread id:[1]
[INFO][VM][EVENT][RELOAD_CREW] - New flightAttendent ID:[2] Joined the crew
[INFO][VM][EVENT][NEW_THREAD] - New thread id:[2]
[INFO][VM][EVENT][THREAD_DONE] - thread_ID :[2]
[INFO][VM][EVENT][RELEASED] - thread_ID :[1]
[INFO][VM][EVENT][THREAD_WAIT] - thread_ID :[0]
[INFO][VM][EVENT][RELEASED] - thread_ID :[0]
[INFO][VM][EVENT][THREAD_DONE] - thread_ID :[1]
[INFO][VM][EVENT][RELOAD_CREW] - New flightAttendent ID:[0] Joined the crew
[INFO][VM][EVENT][THREAD_POOL_SIZE] - thread pool size :[0]
[INFO][VM][EVENT][NEW_THREAD] - New thread id:[0]
[INFO][VM][EVENT][THREAD_RUNNING] - thread_ID :[0]
[INFO][VM][EVENT][THREAD_RUNNING] - thread_ID :[0]
[INFO][VM][EVENT][THREAD_RUNNING] - thread_ID :[0]
[INFO][VM][EVENT][THREAD_RUNNING] - thread_ID :[0]
[INFO][VM][EVENT][RELOAD_CREW] - New flightAttendent ID:[1] Joined the crew
[INFO][VM][EVENT][NEW_THREAD] - New thread id:[1]
[INFO][VM][EVENT][THREAD_RUNNING] - thread_ID :[1]
[INFO][VM][EVENT][THREAD_RUNNING] - thread_ID :[1]
[INFO][VM][EVENT][THREAD_WAIT] - thread_ID :[1]
[INFO][VM][EVENT][RELOAD_CREW] - New flightAttendent ID:[2] Joined the crew
[INFO][VM][EVENT][THREAD_WAIT] - thread_ID :[0]
[INFO][VM][EVENT][THREAD_WAIT] - thread_ID :[0]
[INFO][VM][EVENT][THREAD_RUNNING] - thread_ID :[2]
[INFO][VM][EVENT][NEW_THREAD] - New thread id:[2]
[INFO][VM][EVENT][THREAD_RUNNING] - thread_ID :[2]
[INFO][VM][EVENT][THREAD_RUNNING] - thread_ID :[2]
[INFO][VM][EVENT][THREAD_RUNNING] - thread_ID :[1]
[INFO][VM][EVENT][THREAD_DONE] - thread_ID :[2]
[INFO][VM][EVENT][THREAD_RUNNING] - thread_ID :[1]
[INFO][VM][EVENT][THREAD_RUNNING] - thread_ID :[1]
[INFO][VM][EVENT][THREAD_RUNNING] - thread_ID :[0]
[INFO][VM][EVENT][THREAD_DONE] - thread_ID :[1]
[INFO][VM][EVENT][THREAD_RUNNING] - thread_ID :[0]
[INFO][VM][EVENT][THREAD_DONE] - thread_ID :[0]
[INFO][VM][EVENT][THREAD_RUNNING] - thread_ID :[0]
[INFO][VM][EVENT][THREAD_POOL_SIZE] - thread pool size :[0]
[INFO][VM][EVENT][THREAD_RUNNING] - thread_ID :[0]
[INFO][VM][EVENT][NEW_THREAD] - New thread id:[0]
[INFO][VM][EVENT][RELOAD_CREW] - New flightAttendent ID:[0] Joined the crew
[INFO][VM][EVENT][THREAD_RUNNING] - thread_ID :[0]
[INFO][VM][EVENT][THREAD_RUNNING] - thread_ID :[0]
[INFO][VM][EVENT][THREAD_WAIT] - thread_ID :[0]
[INFO][VM][EVENT][THREAD_RUNNING] - thread_ID :[0]
[INFO][VM][EVENT][NEW_THREAD] - New thread id:[1]
[INFO][VM][EVENT][RELOAD_CREW] - New flightAttendent ID:[1] Joined the crew
[INFO][VM][EVENT][THREAD_RUNNING] - thread_ID :[1]
[INFO][VM][EVENT][THREAD_RUNNING] - thread_ID :[1]
[INFO][VM][EVENT][RELOAD_CREW] - New flightAttendent ID:[2] Joined the crew
[INFO][VM][EVENT][NEW_THREAD] - New thread id:[2]
[INFO][VM][EVENT][THREAD_RUNNING] - thread_ID :[2]
[INFO][VM][EVENT][THREAD_RUNNING] - thread_ID :[2]
[INFO][VM][EVENT][THREAD_RUNNING] - thread_ID :[2]
[INFO][VM][EVENT][THREAD_WAIT] - thread_ID :[1]
[INFO][VM][EVENT][THREAD_WAIT] - thread_ID :[0]
[INFO][VM][EVENT][THREAD_DONE] - thread_ID :[2]
[INFO][VM][EVENT][THREAD_RUNNING] - thread_ID :[1]
[INFO][VM][EVENT][THREAD_RUNNING] - thread_ID :[1]
[INFO][VM][EVENT][THREAD_RUNNING] - thread_ID :[1]
[INFO][VM][EVENT][THREAD_DONE] - thread_ID :[1]
[INFO][VM][EVENT][THREAD_RUNNING] - thread_ID :[0]
[INFO][VM][EVENT][THREAD_RUNNING] - thread_ID :[0]
[INFO][VM][EVENT][THREAD_DONE] - thread_ID :[0]
[INFO][VM][EVENT][THREAD_RUNNING] - thread_ID :[0]
[INFO][VM][EVENT][RELOAD_CREW] - New flightAttendent ID:[0] Joined the crew
[INFO][VM][EVENT][THREAD_POOL_SIZE] - thread pool size :[0]
[INFO][VM][EVENT][NEW_THREAD] - New thread id:[0]
[INFO][VM][EVENT][THREAD_RUNNING] - thread_ID: [0]
[INFO][VM][EVENT][THREAD_RUNNING] - thread_ID: [0]
[INFO][VM][EVENT][THREAD_RUNNING] - thread_ID: [0]
[INFO][VM][EVENT][RELOAD_CREW] - New flightAttendent ID:[1] Joined the crew
[INFO][VM][EVENT][RELOAD_CREW] - New flightAttendent ID:[2] Joined the crew
[INFO][VM][EVENT][RELOAD_CREW] - New flightAttendent ID:[0] Joined the crew
[INFO][VM][EVENT][THREAD_POOL_SIZE] - thread pool size :[0]
[INFO][VM][EVENT][NEW_THREAD] - New thread id:[0]
[INFO][VM][EVENT][THREAD_RUNNING] - thread_ID: [0]
[INFO][VM][EVENT][THREAD_RUNNING] - thread_ID: [0]
[INFO][VM][EVENT][THREAD_RUNNING] - thread_ID: [0]
[INFO][VM][EVENT][THREAD_RUNNING] - thread_ID: [0]
[INFO][VM][EVENT][RELOAD_CREW] - New flightAttendent ID:[1] Joined the crew
[INFO][VM][EVENT][THREAD_WAIT] - thread_ID: [0]
[INFO][VM][EVENT][THREAD_RUNNING] - thread_ID: [1]
[INFO][VM][EVENT][NEW_THREAD] - New thread id:[1]
[INFO][VM][EVENT][THREAD_WAIT] - thread_ID: [1]
[INFO][VM][EVENT][THREAD_RUNNING] - thread_ID: [1]
[INFO][VM][EVENT][RELOAD_CREW] - New flightAttendent ID:[2] Joined the crew
[INFO][VM][EVENT][NEW_THREAD] - New thread id:[2]
[INFO][VM][EVENT][THREAD_RUNNING] - thread_ID: [2]
[INFO][VM][EVENT][THREAD_WAIT] - thread_ID: [0]
[INFO][VM][EVENT][THREAD_POOL_SIZE] - thread pool size :[0]
[INFO][VM][EVENT][RELOAD_CREW] - New flightAttendent ID:[0] Joined the crew
[INFO][VM][EVENT][THREAD_RUNNING] - thread_ID: [0]
[INFO][VM][EVENT][NEW_THREAD] - New thread id:[0]
[INFO][VM][EVENT][THREAD_RUNNING] - thread_ID: [0]
[INFO][VM][EVENT][THREAD_RUNNING] - thread_ID: [0]
[INFO][VM][EVENT][THREAD_WAIT] - thread_ID: [0]
[INFO][VM][EVENT][THREAD_RUNNING] - thread_ID: [0]
[INFO][VM][EVENT][RELOAD_CREW] - New flightAttendent ID:[1] Joined the crew
[INFO][VM][EVENT][NEW_THREAD] - New thread id:[1]
[INFO][VM][EVENT][THREAD_RUNNING] - thread_ID: [1]
[INFO][VM][EVENT][THREAD_RUNNING] - thread_ID: [1]
[INFO][VM][EVENT][THREAD_WAIT] - thread_ID: [1]
[INFO][VM][EVENT][THREAD_WAIT] - thread_ID: [0]
[INFO][VM][EVENT][RELOAD_CREW] - New flightAttendent ID:[2] Joined the crew
[INFO][VM][EVENT][THREAD_RUNNING] - thread_ID: [2]
[INFO][VM][EVENT][NEW_THREAD] - New thread id:[2]
[INFO][VM][EVENT][THREAD_RUNNING] - thread_ID: [2]
[INFO][VM][EVENT][THREAD_RUNNING] - thread_ID: [2]
[INFO][VM][EVENT][THREAD_RUNNING] - thread_ID: [1]
[INFO][VM][EVENT][THREAD_DONE] - thread_ID: [2]
[INFO][VM][EVENT][THREAD_RUNNING] - thread_ID: [1]
[INFO][VM][EVENT][THREAD_RUNNING] - thread_ID: [1]
[INFO][VM][EVENT][THREAD_RUNNING] - thread_ID: [0]
[INFO][VM][EVENT][THREAD_DONE] - thread_ID: [1]
[INFO][VM][EVENT][THREAD_RUNNING] - thread_ID: [0]
[INFO][VM][EVENT][THREAD_RUNNING] - thread_ID: [0]
[INFO][VM][EVENT][RELOAD_CREW] - New flightAttendent ID:[0] Joined the crew
[INFO][VM][EVENT][NEW_THREAD] - New thread id:[0]
[INFO][VM][EVENT][THREAD_POOL_SIZE] - thread pool size :[0]
[INFO][VM][EVENT][THREAD_RUNNING] - thread_ID: [0]
[INFO][VM][EVENT][THREAD_RUNNING] - thread_ID: [0]
[INFO][VM][EVENT][THREAD_RUNNING] - thread_ID: [0]
[INFO][VM][EVENT][THREAD_RUNNING] - thread_ID: [0]
[INFO][VM][EVENT][RELOAD_CREW] - New flightAttendent ID:[1] Joined the crew
[INFO][VM][EVENT][THREAD_WAIT] - thread_ID: [0]
[INFO][VM][EVENT][THREAD_RUNNING] - thread_ID: [1]
[INFO][VM][EVENT][NEW_THREAD] - New thread id:[1]
[INFO][VM][EVENT][THREAD_WAIT] - thread_ID: [1]
[INFO][VM][EVENT][THREAD_RUNNING] - thread_ID: [1]
[INFO][VM][EVENT][RELOAD_CREW] - New flightAttendent ID:[2] Joined the crew
[INFO][VM][EVENT][NEW_THREAD] - New thread id:[2]
[INFO][VM][EVENT][THREAD_RUNNING] - thread_ID: [2]
[INFO][VM][EVENT][THREAD_RUNNING] - thread_ID: [2]
[INFO][VM][EVENT][THREAD_RUNNING] - thread_ID: [2]
[INFO][VM][EVENT][THREAD_WAIT] - thread_ID: [0]
[INFO][VM][EVENT][THREAD_RUNNING] - thread_ID: [1]
[INFO][VM][EVENT][THREAD_DONE] - thread_ID: [2]
[INFO][VM][EVENT][THREAD_RUNNING] - thread_ID: [1]
[INFO][VM][EVENT][THREAD_RUNNING] - thread_ID: [1]
[INFO][VM][EVENT][THREAD_RUNNING] - thread_ID: [0]
[INFO][VM][EVENT][THREAD_DONE] - thread_ID: [1]
[INFO][VM][EVENT][THREAD_RUNNING] - thread_ID: [0]
[INFO][VM][EVENT][THREAD_RUNNING] - thread_ID: [0]
[INFO][VM][EVENT][RELOAD_CREW] - New flightAttendent ID:[0] Joined the crew
[INFO][VM][EVENT][RELOAD_CREW] - New flightAttendent ID:[0] Joined the crew
[INFO][VM][EVENT][COUNT_GOROTINES] - Total of gorotines running: {6} 
[INFO][VM][EVENT][RELOAD_CREW] - New flightAttendent ID:[0] Joined the crew
[INFO][VM][EVENT][RELOAD_CREW] - New flightAttendent ID:[0] Joined the crew
[INFO][VM][EVENT][THREAD_RUNNING] - thread_ID: [0]
[INFO][VM][EVENT][THREAD_RUNNING] - thread_ID: [0]
[INFO][VM][EVENT][THREAD_RUNNING] - thread_ID: [0]
[INFO][VM][EVENT][THREAD_RUNNING] - thread_ID: [0]
[INFO][VM][EVENT][THREAD_WAIT] - thread_ID: [0]
[INFO][VM][EVENT][RELOAD_CREW] - New flightAttendent ID:[1] Joined the crew
[INFO][VM][EVENT][THREAD_POOL_SIZE] - thread pool size :[0]
[INFO][VM][EVENT][THREAD_RUNNING] - thread_ID: [1]
[INFO][VM][EVENT][THREAD_RUNNING] - thread_ID: [1]
[INFO][VM][EVENT][RELOAD_CREW] - New flightAttendent ID:[2] Joined the crew
[INFO][VM][EVENT][THREAD_RUNNING] - thread_ID: [2]
[INFO][VM][EVENT][THREAD_RUNNING] - thread_ID: [2]
[INFO][VM][EVENT][THREAD_RUNNING] - thread_ID: [2]
[INFO][VM][EVENT][THREAD_DONE] - thread_ID: [2]
[INFO][VM][EVENT][THREAD_WAIT] - thread_ID: [1]
[INFO][VM][EVENT][THREAD_WAIT] - thread_ID: [0]
[INFO][VM][EVENT][THREAD_RUNNING] - thread_ID: [1]
[INFO][VM][EVENT][THREAD_RUNNING] - thread_ID: [1]
[INFO][VM][EVENT][THREAD_DONE] - thread_ID: [1]
[INFO][VM][EVENT][THREAD_RUNNING] - thread_ID: [1]
[INFO][VM][EVENT][THREAD_RUNNING] - thread_ID: [0]
[INFO][VM][EVENT][THREAD_RUNNING] - thread_ID: [0]
[INFO][VM][EVENT][THREAD_RUNNING] - thread_ID: [0]
[INFO][VM][EVENT][THREAD_DONE] - thread_ID: [0]
[INFO][VM][EVENT][RELOAD_CREW] - New flightAttendent ID:[0] Joined the crew
[INFO][VM][EVENT][THREAD_RUNNING] - thread_ID: [0]
[INFO][VM][EVENT][THREAD_RUNNING] - thread_ID: [0]
[INFO][VM][EVENT][THREAD_RUNNING] - thread_ID: [0]
[INFO][VM][EVENT][THREAD_POOL_SIZE] - thread pool size :[0]
[INFO][VM][EVENT][THREAD_WAIT] - thread_ID: [0]
[INFO][VM][EVENT][THREAD_RUNNING] - thread_ID: [0]
[INFO][VM][EVENT][RELOAD_CREW] - New flightAttendent ID:[1] Joined the crew
[INFO][VM][EVENT][THREAD_RUNNING] - thread_ID: [1]
[INFO][VM][EVENT][COUNT_GOROTINES] - Total of gorotines running: {9} 
[INFO][VM][EVENT][THREAD_POOL_SIZE] - thread pool size :[2]
[INFO][VM][EVENT][COUNT_GOROTINES] - Total of gorotines running: {9} 
[INFO][VM][EVENT][COUNT_GOROTINES] - Total of gorotines running: {9} 
[INFO][VM][EVENT][THREAD_POOL_SIZE] - thread pool size :[2]
[INFO][VM][EVENT][RELOAD_CREW] - New flightAttendent ID:[0] Joined the crew
[INFO][VM][EVENT][THREAD_RUNNING] - thread_ID: [0]
[INFO][VM][EVENT][THREAD_POOL_SIZE] - thread pool size :[0]
[INFO][VM][EVENT][THREAD_RUNNING] - thread_ID: [0]
[INFO][VM][EVENT][THREAD_RUNNING] - thread_ID: [0]
[INFO][VM][EVENT][RELOAD_CREW] - New flightAttendent ID:[1] Joined the crew
[INFO][VM][EVENT][THREAD_RUNNING] - thread_ID: [0]
[INFO][VM][EVENT][THREAD_WAIT] - thread_ID: [0]
[INFO][VM][EVENT][THREAD_RUNNING] - thread_ID: [1]
[INFO][VM][EVENT][THREAD_RUNNING] - thread_ID: [1]
[INFO][VM][EVENT][THREAD_RUNNING] - thread_ID: [2]
[INFO][VM][EVENT][RELOAD_CREW] - New flightAttendent ID:[2] Joined the crew
[INFO][VM][EVENT][THREAD_WAIT] - thread_ID: [1]
[INFO][VM][EVENT][THREAD_WAIT] - thread_ID: [0]
[INFO][VM][EVENT][THREAD_RUNNING] - thread_ID: [2]
[INFO][VM][EVENT][THREAD_RUNNING] - thread_ID: [2]
[INFO][VM][EVENT][THREAD_RUNNING] - thread_ID: [1]
[INFO][VM][EVENT][THREAD_DONE] - thread_ID: [2]
[INFO][VM][EVENT][THREAD_RUNNING] - thread_ID: [1]
[INFO][VM][EVENT][THREAD_RUNNING] - thread_ID: [1]
[INFO][VM][EVENT][THREAD_RUNNING] - thread_ID: [0]
[INFO][VM][EVENT][THREAD_DONE] - thread_ID: [1]
[INFO][VM][EVENT][THREAD_RUNNING] - thread_ID: [0]
[INFO][VM][EVENT][RELOAD_CREW] - New flightAttendent ID:[0] Joined the crew
[INFO][VM][EVENT][THREAD_POOL_SIZE] - thread pool size :[0]
[INFO][VM][EVENT][THREAD_RUNNING] - thread_ID: [0]
[INFO][VM][EVENT][THREAD_RUNNING] - thread_ID: [0]
[INFO][VM][EVENT][THREAD_RUNNING] - thread_ID: [0]
[INFO][VM][EVENT][THREAD_RUNNING] - thread_ID: [0]
[INFO][VM][EVENT][THREAD_WAIT] - thread_ID: [0]
[INFO][VM][EVENT][RELOAD_CREW] - New flightAttendent ID:[1] Joined the crew
[INFO][VM][EVENT][RELOAD_CREW] - New flightAttendent ID:[0] Joined the crew
[INFO][VM][EVENT][THREAD_POOL_SIZE] - thread pool size :[0]
[INFO][VM][EVENT][THREAD_RUNNING] - thread_ID: [0]
[INFO][VM][EVENT][THREAD_RUNNING] - thread_ID: [0]
[INFO][VM][EVENT][THREAD_RUNNING] - thread_ID: [0]
[INFO][VM][EVENT][RELOAD_CREW] - New flightAttendent ID:[1] Joined the crew
[INFO][VM][EVENT][THREAD_WAIT] - thread_ID: [0]
[INFO][VM][EVENT][THREAD_RUNNING] - thread_ID: [1]
[INFO][VM][EVENT][THREAD_RUNNING] - thread_ID: [0]
[INFO][VM][EVENT][THREAD_WAIT] - thread_ID: [1]
[INFO][VM][EVENT][RELOAD_CREW] - New flightAttendent ID:[2] Joined the crew
[INFO][VM][EVENT][THREAD_RUNNING] - thread_ID: [1]
[INFO][VM][EVENT][THREAD_WAIT] - thread_ID: [0]
[INFO][VM][EVENT][THREAD_RUNNING] - thread_ID: [2]
[INFO][VM][EVENT][THREAD_RUNNING] - thread_ID: [2]
[INFO][VM][EVENT][THREAD_RUNNING] - thread_ID: [2]
[INFO][VM][EVENT][THREAD_RUNNING] - thread_ID: [1]
[INFO][VM][EVENT][THREAD_DONE] - thread_ID: [2]
[INFO][VM][EVENT][THREAD_RUNNING] - thread_ID: [1]
[INFO][VM][EVENT][THREAD_RUNNING] - thread_ID: [1]
[INFO][VM][EVENT][THREAD_RUNNING] - thread_ID: [0]
[INFO][VM][EVENT][THREAD_DONE] - thread_ID: [1]
[INFO][VM][EVENT][THREAD_RUNNING] - thread_ID: [0]
[INFO][VM][EVENT][THREAD_RUNNING] - thread_ID: [0]
[INFO][VM][EVENT][RELOAD_CREW] - New flightAttendent ID:[0] Joined the crew
[INFO][VM][EVENT][THREAD_RUNNING] - thread_ID: [0]
[INFO][VM][EVENT][THREAD_POOL_SIZE] - thread pool size :[0]
[INFO][VM][EVENT][RELOAD_CREW] - New flightAttendent ID:[0] Joined the crew
[INFO][VM][EVENT][THREAD_RUNNING] - thread_ID: [0]
[INFO][VM][EVENT][THREAD_POOL_SIZE] - thread pool size :[0]
[INFO][VM][EVENT][THREAD_POOL_SIZE] - thread pool size :[1]
[INFO][VM][EVENT][RELOAD_CREW] - New flightAttendent ID:[0] Joined the crew
[INFO][VM][EVENT][THREAD_RUNNING] - thread_ID: [0]
[INFO][VM][EVENT][THREAD_RUNNING] - thread_ID: [0]
[INFO][VM][EVENT][RELOAD_CREW] - New flightAttendent ID:[0] Joined the crew
[INFO][VM][EVENT][THREAD_POOL_SIZE] - thread pool size :[0]
[INFO][VM][EVENT][RELOAD_CREW] - New flightAttendent ID:[0] Joined the crew
[INFO][VM][EVENT][THREAD_POOL_SIZE] - thread pool size :[0]
[INFO][VM][EVENT][THREAD_RUNNING] - thread_ID: [0]
[INFO][VM][EVENT][RELOAD_CREW] - New flightAttendent ID:[0] Joined the crew
[INFO][VM][EVENT][THREAD_POOL_SIZE] - thread pool size :[0]
[INFO][VM][EVENT][THREAD_RUNNING] - thread_ID: [0]
[INFO][VM][EVENT][THREAD_POOL_SIZE] - thread pool size :[1]
[INFO][VM][EVENT][RELOAD_CREW] - New flightAttendent ID:[0] Joined the crew
[INFO][VM][EVENT][THREAD_RUNNING] - thread_ID: [0]
[INFO][VM][EVENT][THREAD_POOL_SIZE] - thread pool size :[0]
[INFO][VM][EVENT][THREAD_RUNNING] - thread_ID: [0]
[INFO][VM][EVENT][THREAD_RUNNING] - thread_ID: [0]
[INFO][VM][EVENT][RELOAD_CREW] - New flightAttendent ID:[1] Joined the crew
[INFO][VM][EVENT][THREAD_RUNNING] - thread_ID: [0]
[INFO][VM][EVENT][THREAD_WAIT] - thread_ID: [0]
[INFO][VM][EVENT][THREAD_RUNNING] - thread_ID: [1]
[INFO][VM][EVENT][THREAD_RUNNING] - thread_ID: [1]
[INFO][VM][EVENT][RELOAD_CREW] - New flightAttendent ID:[2] Joined the crew
[INFO][VM][EVENT][THREAD_WAIT] - thread_ID: [0]
[INFO][VM][EVENT][THREAD_RUNNING] - thread_ID: [2]
[INFO][VM][EVENT][THREAD_WAIT] - thread_ID: [1]
[INFO][VM][EVENT][COUNT_GOROTINES] - Total of gorotines running: {13} 
[INFO][VM][EVENT][THREAD_POOL_SIZE] - thread pool size :[3]
[INFO][VM][EVENT][RELOAD_CREW] - New flightAttendent ID:[0] Joined the crew
[INFO][VM][EVENT][THREAD_POOL_SIZE] - thread pool size :[0]
[INFO][VM][EVENT][THREAD_RUNNING] - thread_ID: [0]
[INFO][VM][EVENT][THREAD_POOL_SIZE] - thread pool size :[0]
[INFO][VM][EVENT][RELOAD_CREW] - New flightAttendent ID:[0] Joined the crew
[INFO][VM][EVENT][THREAD_RUNNING] - thread_ID: [0]
[INFO][VM][EVENT][RELOAD_CREW] - New flightAttendent ID:[0] Joined the crew
[INFO][VM][EVENT][THREAD_POOL_SIZE] - thread pool size :[0]
[INFO][VM][EVENT][COUNT_GOROTINES] - Total of gorotines running: {8} 
[INFO][VM][EVENT][THREAD_RUNNING] - thread_ID: [0]
[INFO][VM][EVENT][THREAD_POOL_SIZE] - thread pool size :[1]
[INFO][VM][EVENT][THREAD_RUNNING] - thread_ID: [0]
[INFO][VM][EVENT][RELOAD_CREW] - New flightAttendent ID:[0] Joined the crew
[INFO][VM][EVENT][THREAD_POOL_SIZE] - thread pool size :[1]
[INFO][VM][EVENT][RELOAD_CREW] - New flightAttendent ID:[0] Joined the crew
[INFO][VM][EVENT][THREAD_POOL_SIZE] - thread pool size :[0]
[INFO][VM][EVENT][THREAD_RUNNING] - thread_ID: [0]
[INFO][VM][EVENT][COUNT_GOROTINES] - Total of gorotines running: {9} 
[INFO][VM][EVENT][THREAD_POOL_SIZE] - thread pool size :[1]
[INFO][VM][EVENT][RELOAD_CREW] - New flightAttendent ID:[0] Joined the crew
[INFO][VM][EVENT][THREAD_POOL_SIZE] - thread pool size :[0]
[INFO][VM][EVENT][THREAD_RUNNING] - thread_ID: [0]
[INFO][VM][EVENT][COUNT_GOROTINES] - Total of gorotines running: {9} 
[INFO][VM][EVENT][RELOAD_CREW] - New flightAttendent ID:[0] Joined the crew
[INFO][VM][EVENT][THREAD_POOL_SIZE] - thread pool size :[0]
[INFO][VM][EVENT][THREAD_RUNNING] - thread_ID: [0]
[INFO][VM][EVENT][COUNT_GOROTINES] - Total of gorotines running: {9} 
[INFO][VM][EVENT][COUNT_GOROTINES] - Total of gorotines running: {9} 
[INFO][VM][EVENT][THREAD_POOL_SIZE] - thread pool size :[1]
[INFO][VM][EVENT][RELOAD_CREW] - New flightAttendent ID:[0] Joined the crew
[INFO][VM][EVENT][THREAD_POOL_SIZE] - thread pool size :[0]
[INFO][VM][EVENT][THREAD_RUNNING] - thread_ID: [0]
[INFO][VM][EVENT][RELOAD_CREW] - New flightAttendent ID:[0] Joined the crew
[INFO][VM][EVENT][THREAD_POOL_SIZE] - thread pool size :[0]
[INFO][VM][EVENT][THREAD_RUNNING] - thread_ID: [0]
[INFO][VM][EVENT][COUNT_GOROTINES] - Total of gorotines running: {9} 
[INFO][VM][EVENT][THREAD_POOL_SIZE] - thread pool size :[1]
[INFO][VM][EVENT][COUNT_GOROTINES] - Total of gorotines running: {9} 
[INFO][VM][EVENT][RELOAD_CREW] - New flightAttendent ID:[0] Joined the crew
[INFO][VM][EVENT][THREAD_RUNNING] - thread_ID: [0]
[INFO][VM][EVENT][THREAD_POOL_SIZE] - thread pool size :[0]
[INFO][VM][EVENT][COUNT_GOROTINES] - Total of gorotines running: {9} 
[INFO][VM][EVENT][THREAD_RUNNING] - thread_ID: [0]
[INFO][VM][EVENT][RELOAD_CREW] - New flightAttendent ID:[0] Joined the crew
[INFO][VM][EVENT][THREAD_POOL_SIZE] - thread pool size :[1]
[INFO][VM][EVENT][COUNT_GOROTINES] - Total of gorotines running: {9} 
[INFO][VM][EVENT][THREAD_POOL_SIZE] - thread pool size :[1]
[INFO][VM][EVENT][RELOAD_CREW] - New flightAttendent ID:[0] Joined the crew
[INFO][VM][EVENT][THREAD_POOL_SIZE] - thread pool size :[0]
[INFO][VM][EVENT][RELOAD_CREW] - New flightAttendent ID:[0] Joined the crew
[INFO][VM][EVENT][THREAD_POOL_SIZE] - thread pool size :[0]
[INFO][VM][EVENT][THREAD_RUNNING] - thread_ID: [0]
[INFO][VM][EVENT][COUNT_GOROTINES] - Total of gorotines running: {9} 
[INFO][VM][EVENT][THREAD_POOL_SIZE] - thread pool size :[1]
[INFO][VM][EVENT][THREAD_RUNNING] - thread_ID: [0]
[INFO][VM][EVENT][RELOAD_CREW] - New flightAttendent ID:[0] Joined the crew
[INFO][VM][EVENT][THREAD_POOL_SIZE] - thread pool size :[1]
[INFO][VM][EVENT][THREAD_POOL_SIZE] - thread pool size :[0]
[INFO][VM][EVENT][RELOAD_CREW] - New flightAttendent ID:[0] Joined the crew
[INFO][VM][EVENT][THREAD_RUNNING] - thread_ID: [0]
[INFO][VM][EVENT][COUNT_GOROTINES] - Total of gorotines running: {9} 
[INFO][VM][EVENT][RELOAD_CREW] - New flightAttendent ID:[0] Joined the crew
[INFO][VM][EVENT][THREAD_RUNNING] - thread_ID: [0]
[INFO][VM][EVENT][THREAD_POOL_SIZE] - thread pool size :[0]
[INFO][VM][EVENT][THREAD_RUNNING] - thread_ID: [0]
[INFO][VM][EVENT][RELOAD_CREW] - New flightAttendent ID:[0] Joined the crew
[INFO][VM][EVENT][THREAD_POOL_SIZE] - thread pool size :[1]
[INFO][VM][EVENT][COUNT_GOROTINES] - Total of gorotines running: {9} 
[INFO][VM][EVENT][THREAD_POOL_SIZE] - thread pool size :[1]
[INFO][VM][EVENT][RELOAD_CREW] - New flightAttendent ID:[0] Joined the crew
[INFO][VM][EVENT][THREAD_RUNNING] - thread_ID: [0]
[INFO][VM][EVENT][THREAD_POOL_SIZE] - thread pool size :[0]
[INFO][VM][EVENT][COUNT_GOROTINES] - Total of gorotines running: {9} 
[INFO][VM][EVENT][THREAD_POOL_SIZE] - thread pool size :[1]
[INFO][VM][EVENT][COUNT_GOROTINES] - Total of gorotines running: {9} 
[INFO][VM][EVENT][RELOAD_CREW] - New flightAttendent ID:[0] Joined the crew
[INFO][VM][EVENT][THREAD_RUNNING] - thread_ID: [0]
[INFO][VM][EVENT][THREAD_POOL_SIZE] - thread pool size :[0]
[INFO][VM][EVENT][RELOAD_CREW] - New flightAttendent ID:[0] Joined the crew
[INFO][VM][EVENT][THREAD_RUNNING] - thread_ID: [0]
[INFO][VM][EVENT][THREAD_POOL_SIZE] - thread pool size :[0]
[INFO][VM][EVENT][RELOAD_CREW] - New flightAttendent ID:[0] Joined the crew
[INFO][VM][EVENT][THREAD_POOL_SIZE] - thread pool size :[0]
[INFO][VM][EVENT][THREAD_RUNNING] - thread_ID: [0]
[INFO][VM][EVENT][THREAD_RUNNING] - thread_ID: [0]
[INFO][VM][EVENT][RELOAD_CREW] - New flightAttendent ID:[0] Joined the crew
[INFO][VM][EVENT][THREAD_POOL_SIZE] - thread pool size :[1]
[INFO][VM][EVENT][RELOAD_CREW] - New flightAttendent ID:[0] Joined the crew
[INFO][VM][EVENT][THREAD_RUNNING] - thread_ID: [0]
[INFO][VM][EVENT][THREAD_POOL_SIZE] - thread pool size :[0]
[INFO][VM][EVENT][RELOAD_CREW] - New flightAttendent ID:[0] Joined the crew
[INFO][VM][EVENT][THREAD_RUNNING] - thread_ID: [0]
[INFO][VM][EVENT][RELOAD_CREW] - New flightAttendent ID:[0] Joined the crew
[INFO][VM][EVENT][THREAD_RUNNING] - thread_ID: [0]
[INFO][VM][EVENT][THREAD_RUNNING] - thread_ID: [0]
[INFO][VM][EVENT][RELOAD_CREW] - New flightAttendent ID:[0] Joined the crew
[INFO][VM][EVENT][THREAD_POOL_SIZE] - thread pool size :[1]
[INFO][VM][EVENT][THREAD_POOL_SIZE] - thread pool size :[0]
[INFO][VM][EVENT][THREAD_RUNNING] - thread_ID: [0]
[INFO][VM][EVENT][RELOAD_CREW] - New flightAttendent ID:[0] Joined the crew
[INFO][VM][EVENT][THREAD_RUNNING] - thread_ID: [0]
[INFO][VM][EVENT][RELOAD_CREW] - New flightAttendent ID:[0] Joined the crew
[INFO][VM][EVENT][THREAD_POOL_SIZE] - thread pool size :[1]
[INFO][VM][EVENT][RELOAD_CREW] - New flightAttendent ID:[0] Joined the crew
[INFO][VM][EVENT][THREAD_POOL_SIZE] - thread pool size :[0]
[INFO][VM][EVENT][THREAD_RUNNING] - thread_ID: [0]
[INFO][VM][EVENT][COUNT_GOROTINES] - Total of gorotines running: {9} 
[INFO][VM][EVENT][RELOAD_CREW] - New flightAttendent ID:[0] Joined the crew
[INFO][VM][EVENT][THREAD_POOL_SIZE] - thread pool size :[0]
[INFO][VM][EVENT][THREAD_RUNNING] - thread_ID: [0]
[INFO][VM][EVENT][THREAD_RUNNING] - thread_ID: [0]
[INFO][VM][EVENT][RELOAD_CREW] - New flightAttendent ID:[0] Joined the crew
[INFO][VM][EVENT][THREAD_POOL_SIZE] - thread pool size :[1]
[INFO][VM][EVENT][THREAD_RUNNING] - thread_ID: [0]
[INFO][VM][EVENT][THREAD_RUNNING] - thread_ID: [0]
[INFO][VM][EVENT][THREAD_WAIT] - thread_ID: [0]
[INFO][VM][EVENT][THREAD_RUNNING] - thread_ID: [0]
[INFO][VM][EVENT][RELOAD_CREW] - New flightAttendent ID:[1] Joined the crew
[INFO][VM][EVENT][THREAD_RUNNING] - thread_ID: [1]
[INFO][VM][EVENT][THREAD_RUNNING] - thread_ID: [1]
[INFO][VM][EVENT][RELOAD_CREW] - New flightAttendent ID:[2] Joined the crew
[INFO][VM][EVENT][THREAD_RUNNING] - thread_ID: [2]
[INFO][VM][EVENT][THREAD_RUNNING] - thread_ID: [2]
[INFO][VM][EVENT][THREAD_RUNNING] - thread_ID: [2]
[INFO][VM][EVENT][THREAD_WAIT] - thread_ID: [0]
[INFO][VM][EVENT][THREAD_DONE] - thread_ID: [2]
[INFO][VM][EVENT][THREAD_WAIT] - thread_ID: [1]
[INFO][VM][EVENT][THREAD_RUNNING] - thread_ID: [1]
[INFO][VM][EVENT][THREAD_RUNNING] - thread_ID: [1]
[INFO][VM][EVENT][THREAD_DONE] - thread_ID: [1]
[INFO][VM][EVENT][THREAD_RUNNING] - thread_ID: [1]
[INFO][VM][EVENT][THREAD_RUNNING] - thread_ID: [0]
[INFO][VM][EVENT][THREAD_RUNNING] - thread_ID: [0]
[INFO][VM][EVENT][THREAD_DONE] - thread_ID: [0]
[INFO][VM][EVENT][THREAD_RUNNING] - thread_ID: [0]
[INFO][VM][EVENT][THREAD_RUNNING] - thread_ID: [0]
[INFO][VM][EVENT][RELOAD_CREW] - New flightAttendent ID:[0] Joined the crew
[INFO][VM][EVENT][RELOAD_CREW] - New flightAttendent ID:[0] Joined the crew
[INFO][VM][EVENT][THREAD_POOL_SIZE] - thread pool size :[0]
[INFO][VM][EVENT][RELOAD_CREW] - New flightAttendent ID:[0] Joined the crew
[INFO][VM][EVENT][THREAD_POOL_SIZE] - thread pool size :[0]
[INFO][VM][EVENT][THREAD_RUNNING] - thread_ID: [0]
[INFO][VM][EVENT][THREAD_POOL_SIZE] - thread pool size :[1]
[INFO][VM][EVENT][RELOAD_CREW] - New flightAttendent ID:[0] Joined the crew
[INFO][VM][EVENT][THREAD_RUNNING] - thread_ID: [0]
[INFO][VM][EVENT][RELOAD_CREW] - New flightAttendent ID:[0] Joined the crew
[INFO][VM][EVENT][THREAD_RUNNING] - thread_ID: [0]
[INFO][VM][EVENT][RELOAD_CREW] - New flightAttendent ID:[0] Joined the crew
[INFO][VM][EVENT][THREAD_RUNNING] - thread_ID: [0]
[INFO][VM][EVENT][THREAD_POOL_SIZE] - thread pool size :[0]
[INFO][VM][EVENT][THREAD_RUNNING] - thread_ID: [0]
[INFO][VM][EVENT][THREAD_RUNNING] - thread_ID: [0]
[INFO][VM][EVENT][THREAD_WAIT] - thread_ID: [0]
[INFO][VM][EVENT][THREAD_RUNNING] - thread_ID: [0]
[INFO][VM][EVENT][RELOAD_CREW] - New flightAttendent ID:[1] Joined the crew
[INFO][VM][EVENT][THREAD_RUNNING] - thread_ID: [1]
[INFO][VM][EVENT][THREAD_RUNNING] - thread_ID: [1]
[INFO][VM][EVENT][RELOAD_CREW] - New flightAttendent ID:[2] Joined the crew
[INFO][VM][EVENT][THREAD_RUNNING] - thread_ID: [2]
[INFO][VM][EVENT][THREAD_WAIT] - thread_ID: [1]
[INFO][VM][EVENT][THREAD_WAIT] - thread_ID: [0]
[INFO][VM][EVENT][THREAD_RUNNING] - thread_ID: [2]
[INFO][VM][EVENT][THREAD_RUNNING] - thread_ID: [2]
[INFO][VM][EVENT][THREAD_RUNNING] - thread_ID: [1]
[INFO][VM][EVENT][THREAD_DONE] - thread_ID: [2]
[INFO][VM][EVENT][THREAD_RUNNING] - thread_ID: [1]
[INFO][VM][EVENT][THREAD_RUNNING] - thread_ID: [1]
[INFO][VM][EVENT][THREAD_RUNNING] - thread_ID: [0]
[INFO][VM][EVENT][THREAD_DONE] - thread_ID: [1]
[INFO][VM][EVENT][THREAD_RUNNING] - thread_ID: [0]
[INFO][VM][EVENT][THREAD_RUNNING] - thread_ID: [0]
[INFO][VM][EVENT][RELOAD_CREW] - New flightAttendent ID:[0] Joined the crew
[INFO][VM][EVENT][THREAD_POOL_SIZE] - thread pool size :[0]
[INFO][VM][EVENT][THREAD_RUNNING] - thread_ID: [0]
[INFO][VM][EVENT][THREAD_RUNNING] - thread_ID: [0]
[INFO][VM][EVENT][THREAD_RUNNING] - thread_ID: [0]
[INFO][VM][EVENT][THREAD_WAIT] - thread_ID: [0]
[INFO][VM][EVENT][THREAD_RUNNING] - thread_ID: [0]
[INFO][VM][EVENT][RELOAD_CREW] - New flightAttendent ID:[1] Joined the crew
[INFO][VM][EVENT][THREAD_RUNNING] - thread_ID: [1]
[INFO][VM][EVENT][THREAD_RUNNING] - thread_ID: [1]
[INFO][VM][EVENT][THREAD_WAIT] - thread_ID: [1]
[INFO][VM][EVENT][THREAD_WAIT] - thread_ID: [0]
[INFO][VM][EVENT][RELOAD_CREW] - New flightAttendent ID:[2] Joined the crew
[INFO][VM][EVENT][THREAD_RUNNING] - thread_ID: [2]
[INFO][VM][EVENT][THREAD_RUNNING] - thread_ID: [2]
[INFO][VM][EVENT][THREAD_RUNNING] - thread_ID: [2]
[INFO][VM][EVENT][THREAD_RUNNING] - thread_ID: [1]
[INFO][VM][EVENT][THREAD_DONE] - thread_ID: [2]
[INFO][VM][EVENT][THREAD_RUNNING] - thread_ID: [1]
[INFO][VM][EVENT][THREAD_RUNNING] - thread_ID: [1]
[INFO][VM][EVENT][THREAD_RUNNING] - thread_ID: [0]
[INFO][VM][EVENT][THREAD_DONE] - thread_ID: [1]
[INFO][VM][EVENT][THREAD_RUNNING] - thread_ID: [0]
[INFO][VM][EVENT][THREAD_RUNNING] - thread_ID: [0]
[INFO][VM][EVENT][RELOAD_CREW] - New flightAttendent ID:[0] Joined the crew
[INFO][VM][EVENT][THREAD_POOL_SIZE] - thread pool size :[0]
[INFO][VM][EVENT][THREAD_RUNNING] - thread_ID: [0]
[INFO][VM][EVENT][THREAD_RUNNING] - thread_ID: [0]
[INFO][VM][EVENT][THREAD_RUNNING] - thread_ID: [0]
[INFO][VM][EVENT][THREAD_RUNNING] - thread_ID: [0]
[INFO][VM][EVENT][RELOAD_CREW] - New flightAttendent ID:[1] Joined the crew
[INFO][VM][EVENT][THREAD_RUNNING] - thread_ID: [1]
[INFO][VM][EVENT][THREAD_RUNNING] - thread_ID: [1]
[INFO][VM][EVENT][THREAD_WAIT] - thread_ID: [1]
[INFO][VM][EVENT][RELOAD_CREW] - New flightAttendent ID:[2] Joined the crew
[INFO][VM][EVENT][THREAD_RUNNING] - thread_ID: [0]
[INFO][VM][EVENT][THREAD_WAIT] - thread_ID: [0]
[INFO][VM][EVENT][THREAD_RUNNING] - thread_ID: [0]
[INFO][VM][EVENT][THREAD_RUNNING] - thread_ID: [2]
[INFO][VM][EVENT][THREAD_RUNNING] - thread_ID: [2]
[INFO][VM][EVENT][THREAD_RUNNING] - thread_ID: [2]
[INFO][VM][EVENT][THREAD_DONE] - thread_ID: [2]
[INFO][VM][EVENT][THREAD_RUNNING] - thread_ID: [1]
[INFO][VM][EVENT][THREAD_RUNNING] - thread_ID: [0]
[INFO][VM][EVENT][RELOAD_CREW] - New flightAttendent ID:[0] Joined the crew
[INFO][VM][EVENT][THREAD_POOL_SIZE] - thread pool size :[1]
[INFO][VM][EVENT][THREAD_RUNNING] - thread_ID: [0]
[INFO][VM][EVENT][THREAD_RUNNING] - thread_ID: [0]
[INFO][VM][EVENT][THREAD_WAIT] - thread_ID: [0]
[INFO][VM][EVENT][THREAD_RUNNING] - thread_ID: [0]
[INFO][VM][EVENT][RELOAD_CREW] - New flightAttendent ID:[1] Joined the crew
[INFO][VM][EVENT][THREAD_RUNNING] - thread_ID: [1]
[INFO][VM][EVENT][RELOAD_CREW] - New flightAttendent ID:[2] Joined the crew
[INFO][VM][EVENT][THREAD_RUNNING] - thread_ID: [1]
[INFO][VM][EVENT][THREAD_WAIT] - thread_ID: [1]
[INFO][VM][EVENT][THREAD_WAIT] - thread_ID: [0]
[INFO][VM][EVENT][THREAD_RUNNING] - thread_ID: [2]
[INFO][VM][EVENT][THREAD_RUNNING] - thread_ID: [2]
[INFO][VM][EVENT][THREAD_RUNNING] - thread_ID: [1]
[INFO][VM][EVENT][THREAD_RUNNING] - thread_ID: [2]
[INFO][VM][EVENT][THREAD_DONE] - thread_ID: [2]
[INFO][VM][EVENT][THREAD_RUNNING] - thread_ID: [1]
[INFO][VM][EVENT][THREAD_RUNNING] - thread_ID: [1]
[INFO][VM][EVENT][THREAD_DONE] - thread_ID: [1]
[INFO][VM][EVENT][THREAD_RUNNING] - thread_ID: [0]
[INFO][VM][EVENT][THREAD_RUNNING] - thread_ID: [0]
[INFO][VM][EVENT][THREAD_RUNNING] - thread_ID: [0]
[INFO][VM][EVENT][THREAD_DONE] - thread_ID: [0]
[INFO][VM][EVENT][RELOAD_CREW] - New flightAttendent ID:[0] Joined the crew
[INFO][VM][EVENT][THREAD_RUNNING] - thread_ID: [0]
[INFO][VM][EVENT][THREAD_POOL_SIZE] - thread pool size :[0]
[INFO][VM][EVENT][THREAD_RUNNING] - thread_ID: [0]
[INFO][VM][EVENT][THREAD_RUNNING] - thread_ID: [0]
[INFO][VM][EVENT][THREAD_RUNNING] - thread_ID: [0]
[INFO][VM][EVENT][RELOAD_CREW] - New flightAttendent ID:[1] Joined the crew
[INFO][VM][EVENT][THREAD_RUNNING] - thread_ID: [0]
[INFO][VM][EVENT][THREAD_RUNNING] - thread_ID: [1]
[INFO][VM][EVENT][THREAD_RUNNING] - thread_ID: [1]
[INFO][VM][EVENT][THREAD_RUNNING] - thread_ID: [0]
[INFO][VM][EVENT][RELOAD_CREW] - New flightAttendent ID:[2] Joined the crew
[INFO][VM][EVENT][THREAD_DONE] - thread_ID: [0]
[INFO][VM][EVENT][THREAD_RUNNING] - thread_ID: [0]
[INFO][VM][EVENT][RELOAD_CREW] - New flightAttendent ID:[0] Joined the crew
[INFO][VM][EVENT][THREAD_RUNNING] - thread_ID: [0]
[INFO][VM][EVENT][THREAD_RUNNING] - thread_ID: [0]
[INFO][VM][EVENT][THREAD_POOL_SIZE] - thread pool size :[0]
[INFO][VM][EVENT][THREAD_RUNNING] - thread_ID: [0]
[INFO][VM][EVENT][RELOAD_CREW] - New flightAttendent ID:[1] Joined the crew
[INFO][VM][EVENT][THREAD_RUNNING] - thread_ID: [1]
[INFO][VM][EVENT][THREAD_WAIT] - thread_ID: [0]
[INFO][VM][EVENT][THREAD_RUNNING] - thread_ID: [1]
[INFO][VM][EVENT][THREAD_WAIT] - thread_ID: [1]
[INFO][VM][EVENT][RELOAD_CREW] - New flightAttendent ID:[2] Joined the crew
[INFO][VM][EVENT][THREAD_WAIT] - thread_ID: [0]
[INFO][VM][EVENT][THREAD_RUNNING] - thread_ID: [2]
[INFO][VM][EVENT][THREAD_RUNNING] - thread_ID: [2]
[INFO][VM][EVENT][THREAD_RUNNING] - thread_ID: [2]
[INFO][VM][EVENT][THREAD_RUNNING] - thread_ID: [1]
[INFO][VM][EVENT][THREAD_DONE] - thread_ID: [2]
[INFO][VM][EVENT][THREAD_RUNNING] - thread_ID: [1]
[INFO][VM][EVENT][THREAD_RUNNING] - thread_ID: [1]
[INFO][VM][EVENT][THREAD_RUNNING] - thread_ID: [0]
[INFO][VM][EVENT][THREAD_DONE] - thread_ID: [1]
[INFO][VM][EVENT][THREAD_RUNNING] - thread_ID: [0]
[INFO][VM][EVENT][THREAD_DONE] - thread_ID: [0]
[INFO][VM][EVENT][THREAD_RUNNING] - thread_ID: [0]
[INFO][VM][EVENT][RELOAD_CREW] - New flightAttendent ID:[0] Joined the crew
[INFO][VM][EVENT][THREAD_POOL_SIZE] - thread pool size :[0]
[INFO][VM][EVENT][THREAD_RUNNING] - thread_ID: [0]
[INFO][VM][EVENT][THREAD_RUNNING] - thread_ID: [0]
[INFO][VM][EVENT][THREAD_RUNNING] - thread_ID: [0]
[INFO][VM][EVENT][THREAD_WAIT] - thread_ID: [0]
[INFO][VM][EVENT][THREAD_RUNNING] - thread_ID: [0]
[INFO][VM][EVENT][RELOAD_CREW] - New flightAttendent ID:[1] Joined the crew
[INFO][VM][EVENT][THREAD_RUNNING] - thread_ID: [1]
[INFO][VM][EVENT][THREAD_RUNNING] - thread_ID: [1]
[INFO][VM][EVENT][RELOAD_CREW] - New flightAttendent ID:[2] Joined the crew
[INFO][VM][EVENT][THREAD_RUNNING] - thread_ID: [2]
[INFO][VM][EVENT][THREAD_RUNNING] - thread_ID: [2]
[INFO][VM][EVENT][THREAD_RUNNING] - thread_ID: [2]
[INFO][VM][EVENT][THREAD_DONE] - thread_ID: [2]
[INFO][VM][EVENT][THREAD_WAIT] - thread_ID: [1]
[INFO][VM][EVENT][THREAD_WAIT] - thread_ID: [0]
[INFO][VM][EVENT][THREAD_RUNNING] - thread_ID: [1]
[INFO][VM][EVENT][THREAD_RUNNING] - thread_ID: [1]
[INFO][VM][EVENT][THREAD_DONE] - thread_ID: [1]
[INFO][VM][EVENT][THREAD_RUNNING] - thread_ID: [1]
[INFO][VM][EVENT][THREAD_RUNNING] - thread_ID: [0]
[INFO][VM][EVENT][THREAD_RUNNING] - thread_ID: [0]
[INFO][VM][EVENT][THREAD_RUNNING] - thread_ID: [0]
[INFO][VM][EVENT][RELOAD_CREW] - New flightAttendent ID:[0] Joined the crew
[INFO][VM][EVENT][THREAD_POOL_SIZE] - thread pool size :[1]
[INFO][VM][EVENT][THREAD_RUNNING] - thread_ID: [0]
[INFO][VM][EVENT][THREAD_RUNNING] - thread_ID: [0]
[INFO][VM][EVENT][THREAD_RUNNING] - thread_ID: [0]
[INFO][VM][EVENT][THREAD_RUNNING] - thread_ID: [0]
[INFO][VM][EVENT][RELOAD_CREW] - New flightAttendent ID:[1] Joined the crew
[INFO][VM][EVENT][THREAD_RUNNING] - thread_ID: [1]
[INFO][VM][EVENT][THREAD_RUNNING] - thread_ID: [1]
[INFO][VM][EVENT][THREAD_WAIT] - thread_ID: [1]
[INFO][VM][EVENT][RELOAD_CREW] - New flightAttendent ID:[2] Joined the crew
[INFO][VM][EVENT][THREAD_WAIT] - thread_ID: [0]
[INFO][VM][EVENT][THREAD_WAIT] - thread_ID: [0]
[INFO][VM][EVENT][THREAD_RUNNING] - thread_ID: [2]
[INFO][VM][EVENT][THREAD_RUNNING] - thread_ID: [2]
[INFO][VM][EVENT][THREAD_DONE] - thread_ID: [2]
[INFO][VM][EVENT][THREAD_RUNNING] - thread_ID: [2]
[INFO][VM][EVENT][THREAD_RUNNING] - thread_ID: [1]
[INFO][VM][EVENT][THREAD_RUNNING] - thread_ID: [1]
[INFO][VM][EVENT][THREAD_RUNNING] - thread_ID: [1]
[INFO][VM][EVENT][THREAD_DONE] - thread_ID: [1]
[INFO][VM][EVENT][THREAD_RUNNING] - thread_ID: [0]
[INFO][VM][EVENT][THREAD_RUNNING] - thread_ID: [0]
[INFO][VM][EVENT][THREAD_DONE] - thread_ID: [0]
[INFO][VM][EVENT][THREAD_RUNNING] - thread_ID: [0]
[INFO][VM][EVENT][RELOAD_CREW] - New flightAttendent ID:[0] Joined the crew
[INFO][VM][EVENT][THREAD_RUNNING] - thread_ID: [0]
[INFO][VM][EVENT][THREAD_POOL_SIZE] - thread pool size :[0]
[INFO][VM][EVENT][THREAD_RUNNING] - thread_ID: [0]
[INFO][VM][EVENT][THREAD_RUNNING] - thread_ID: [0]
[INFO][VM][EVENT][THREAD_WAIT] - thread_ID: [0]
[INFO][VM][EVENT][THREAD_RUNNING] - thread_ID: [0]
[INFO][VM][EVENT][RELOAD_CREW] - New flightAttendent ID:[1] Joined the crew
[INFO][VM][EVENT][THREAD_RUNNING] - thread_ID: [1]
[INFO][VM][EVENT][THREAD_RUNNING] - thread_ID: [1]
[INFO][VM][EVENT][THREAD_WAIT] - thread_ID: [1]
[INFO][VM][EVENT][THREAD_WAIT] - thread_ID: [0]
[INFO][VM][EVENT][RELOAD_CREW] - New flightAttendent ID:[2] Joined the crew
[INFO][VM][EVENT][THREAD_RUNNING] - thread_ID: [2]
[INFO][VM][EVENT][THREAD_RUNNING] - thread_ID: [2]
[INFO][VM][EVENT][THREAD_RUNNING] - thread_ID: [2]
[INFO][VM][EVENT][THREAD_DONE] - thread_ID: [2]
[INFO][VM][EVENT][THREAD_RUNNING] - thread_ID: [1]
[INFO][VM][EVENT][THREAD_RUNNING] - thread_ID: [1]
[INFO][VM][EVENT][THREAD_DONE] - thread_ID: [1]
[INFO][VM][EVENT][THREAD_RUNNING] - thread_ID: [1]
[INFO][VM][EVENT][THREAD_RUNNING] - thread_ID: [0]
[INFO][VM][EVENT][THREAD_RUNNING] - thread_ID: [0]
[INFO][VM][EVENT][THREAD_RUNNING] - thread_ID: [0]
[INFO][VM][EVENT][THREAD_DONE] - thread_ID: [0]
[INFO][VM][EVENT][THREAD_RUNNING] - thread_ID: [0]
[INFO][VM][EVENT][RELOAD_CREW] - New flightAttendent ID:[0] Joined the crew
[INFO][VM][EVENT][THREAD_POOL_SIZE] - thread pool size :[1]
[INFO][VM][EVENT][RELOAD_CREW] - New flightAttendent ID:[1] Joined the crew
[INFO][VM][EVENT][RELOAD_CREW] - New flightAttendent ID:[2] Joined the crew
[INFO][VM][EVENT][THREAD_RUNNING] - thread_ID: [0]
[INFO][VM][EVENT][THREAD_RUNNING] - thread_ID: [0]
[INFO][VM][EVENT][THREAD_WAIT] - thread_ID: [0]
[INFO][VM][EVENT][THREAD_RUNNING] - thread_ID: [0]
[INFO][VM][EVENT][THREAD_RUNNING] - thread_ID: [1]
[INFO][VM][EVENT][THREAD_RUNNING] - thread_ID: [1]
[INFO][VM][EVENT][THREAD_WAIT] - thread_ID: [1]
[INFO][VM][EVENT][THREAD_WAIT] - thread_ID: [0]
[INFO][VM][EVENT][THREAD_RUNNING] - thread_ID: [2]
[INFO][VM][EVENT][THREAD_RUNNING] - thread_ID: [2]
[INFO][VM][EVENT][THREAD_DONE] - thread_ID: [2]
[INFO][VM][EVENT][THREAD_RUNNING] - thread_ID: [2]
[INFO][VM][EVENT][THREAD_RUNNING] - thread_ID: [1]
[INFO][VM][EVENT][THREAD_RUNNING] - thread_ID: [1]
[INFO][VM][EVENT][THREAD_RUNNING] - thread_ID: [1]
[INFO][VM][EVENT][THREAD_DONE] - thread_ID: [1]
[INFO][VM][EVENT][THREAD_RUNNING] - thread_ID: [0]
[INFO][VM][EVENT][THREAD_RUNNING] - thread_ID: [0]
[INFO][VM][EVENT][THREAD_DONE] - thread_ID: [0]
[INFO][VM][EVENT][THREAD_RUNNING] - thread_ID: [0]
[INFO][VM][EVENT][RELOAD_CREW] - New flightAttendent ID:[0] Joined the crew
[INFO][VM][EVENT][THREAD_RUNNING] - thread_ID: [0]
[INFO][VM][EVENT][THREAD_RUNNING] - thread_ID: [0]
[INFO][VM][EVENT][THREAD_RUNNING] - thread_ID: [0]
[INFO][VM][EVENT][THREAD_RUNNING] - thread_ID: [0]
[INFO][VM][EVENT][THREAD_WAIT] - thread_ID: [0]
[INFO][VM][EVENT][THREAD_POOL_SIZE] - thread pool size :[0]
[INFO][VM][EVENT][RELOAD_CREW] - New flightAttendent ID:[1] Joined the crew
[INFO][VM][EVENT][THREAD_RUNNING] - thread_ID: [1]
[INFO][VM][EVENT][THREAD_RUNNING] - thread_ID: [1]
[INFO][VM][EVENT][THREAD_WAIT] - thread_ID: [1]
[INFO][VM][EVENT][THREAD_WAIT] - thread_ID: [0]
[INFO][VM][EVENT][RELOAD_CREW] - New flightAttendent ID:[2] Joined the crew
[INFO][VM][EVENT][THREAD_RUNNING] - thread_ID: [2]
[INFO][VM][EVENT][THREAD_RUNNING] - thread_ID: [2]
[INFO][VM][EVENT][THREAD_RUNNING] - thread_ID: [2]
[INFO][VM][EVENT][THREAD_RUNNING] - thread_ID: [1]
[INFO][VM][EVENT][THREAD_DONE] - thread_ID: [2]
[INFO][VM][EVENT][THREAD_RUNNING] - thread_ID: [1]
[INFO][VM][EVENT][THREAD_DONE] - thread_ID: [1]
[INFO][VM][EVENT][THREAD_RUNNING] - thread_ID: [1]
[INFO][VM][EVENT][THREAD_RUNNING] - thread_ID: [0]
[INFO][VM][EVENT][THREAD_RUNNING] - thread_ID: [0]
[INFO][VM][EVENT][THREAD_RUNNING] - thread_ID: [0]
[INFO][VM][EVENT][THREAD_DONE] - thread_ID: [0]
[INFO][VM][EVENT][RELOAD_CREW] - New flightAttendent ID:[0] Joined the crew
[INFO][VM][EVENT][THREAD_RUNNING] - thread_ID: [0]
[INFO][VM][EVENT][THREAD_POOL_SIZE] - thread pool size :[0]
[INFO][VM][EVENT][THREAD_RUNNING] - thread_ID: [0]
[INFO][VM][EVENT][THREAD_RUNNING] - thread_ID: [0]
[INFO][VM][EVENT][THREAD_WAIT] - thread_ID: [0]
[INFO][VM][EVENT][THREAD_RUNNING] - thread_ID: [0]
[INFO][VM][EVENT][RELOAD_CREW] - New flightAttendent ID:[1] Joined the crew
[INFO][VM][EVENT][THREAD_RUNNING] - thread_ID: [1]
[INFO][VM][EVENT][THREAD_RUNNING] - thread_ID: [1]
[INFO][VM][EVENT][THREAD_WAIT] - thread_ID: [1]
[INFO][VM][EVENT][RELOAD_CREW] - New flightAttendent ID:[2] Joined the crew
[INFO][VM][EVENT][THREAD_WAIT] - thread_ID: [0]
[INFO][VM][EVENT][THREAD_RUNNING] - thread_ID: [2]
[INFO][VM][EVENT][THREAD_RUNNING] - thread_ID: [2]
[INFO][VM][EVENT][THREAD_DONE] - thread_ID: [2]
[INFO][VM][EVENT][THREAD_RUNNING] - thread_ID: [2]
[INFO][VM][EVENT][THREAD_RUNNING] - thread_ID: [1]
[INFO][VM][EVENT][THREAD_RUNNING] - thread_ID: [1]
[INFO][VM][EVENT][THREAD_RUNNING] - thread_ID: [1]
[INFO][VM][EVENT][THREAD_RUNNING] - thread_ID: [0]
[INFO][VM][EVENT][THREAD_DONE] - thread_ID: [1]
[INFO][VM][EVENT][THREAD_RUNNING] - thread_ID: [0]
[INFO][VM][EVENT][THREAD_RUNNING] - thread_ID: [0]
[INFO][VM][EVENT][THREAD_RUNNING] - thread_ID: [0]
[INFO][VM][EVENT][RELOAD_CREW] - New flightAttendent ID:[0] Joined the crew
[INFO][VM][EVENT][THREAD_POOL_SIZE] - thread pool size :[1]
[INFO][VM][EVENT][THREAD_RUNNING] - thread_ID: [0]
[INFO][VM][EVENT][THREAD_RUNNING] - thread_ID: [0]
[INFO][VM][EVENT][THREAD_RUNNING] - thread_ID: [0]
[INFO][VM][EVENT][RELOAD_CREW] - New flightAttendent ID:[1] Joined the crew
[INFO][VM][EVENT][THREAD_RUNNING] - thread_ID: [1]
[INFO][VM][EVENT][THREAD_WAIT] - thread_ID: [0]
[INFO][VM][EVENT][THREAD_RUNNING] - thread_ID: [1]
[INFO][VM][EVENT][RELOAD_CREW] - New flightAttendent ID:[2] Joined the crew
[INFO][VM][EVENT][THREAD_WAIT] - thread_ID: [1]
[INFO][VM][EVENT][THREAD_RUNNING] - thread_ID: [2]
[INFO][VM][EVENT][THREAD_WAIT] - thread_ID: [0]
[INFO][VM][EVENT][THREAD_RUNNING] - thread_ID: [2]
[INFO][VM][EVENT][THREAD_RUNNING] - thread_ID: [2]
[INFO][VM][EVENT][THREAD_DONE] - thread_ID: [2]
[INFO][VM][EVENT][THREAD_RUNNING] - thread_ID: [1]
[INFO][VM][EVENT][THREAD_RUNNING] - thread_ID: [1]
[INFO][VM][EVENT][THREAD_DONE] - thread_ID: [1]
[INFO][VM][EVENT][THREAD_RUNNING] - thread_ID: [1]
[INFO][VM][EVENT][THREAD_RUNNING] - thread_ID: [0]
[INFO][VM][EVENT][THREAD_RUNNING] - thread_ID: [0]
[INFO][VM][EVENT][THREAD_RUNNING] - thread_ID: [0]
[INFO][VM][EVENT][THREAD_DONE] - thread_ID: [0]
[INFO][VM][EVENT][RELOAD_CREW] - New flightAttendent ID:[0] Joined the crew
[INFO][VM][EVENT][THREAD_RUNNING] - thread_ID: [0]
[INFO][VM][EVENT][THREAD_RUNNING] - thread_ID: [0]
[INFO][VM][EVENT][THREAD_POOL_SIZE] - thread pool size :[0]
[INFO][VM][EVENT][THREAD_RUNNING] - thread_ID: [0]
[INFO][VM][EVENT][THREAD_RUNNING] - thread_ID: [0]
[INFO][VM][EVENT][RELOAD_CREW] - New flightAttendent ID:[1] Joined the crew
[INFO][VM][EVENT][THREAD_WAIT] - thread_ID: [0]
[INFO][VM][EVENT][THREAD_RUNNING] - thread_ID: [1]
[INFO][VM][EVENT][THREAD_RUNNING] - thread_ID: [1]
[INFO][VM][EVENT][THREAD_WAIT] - thread_ID: [1]
[INFO][VM][EVENT][THREAD_WAIT] - thread_ID: [0]
[INFO][VM][EVENT][RELOAD_CREW] - New flightAttendent ID:[2] Joined the crew
[INFO][VM][EVENT][THREAD_RUNNING] - thread_ID: [2]
[INFO][VM][EVENT][THREAD_RUNNING] - thread_ID: [2]
[INFO][VM][EVENT][THREAD_RUNNING] - thread_ID: [2]
[INFO][VM][EVENT][THREAD_DONE] - thread_ID: [2]
[INFO][VM][EVENT][THREAD_RUNNING] - thread_ID: [1]
[INFO][VM][EVENT][THREAD_RUNNING] - thread_ID: [1]
[INFO][VM][EVENT][THREAD_RUNNING] - thread_ID: [1]
[INFO][VM][EVENT][THREAD_DONE] - thread_ID: [1]
[INFO][VM][EVENT][THREAD_RUNNING] - thread_ID: [0]
[INFO][VM][EVENT][THREAD_RUNNING] - thread_ID: [0]
[INFO][VM][EVENT][THREAD_RUNNING] - thread_ID: [0]
[INFO][VM][EVENT][THREAD_DONE] - thread_ID: [0]
[INFO][VM][EVENT][RELOAD_CREW] - New flightAttendent ID:[0] Joined the crew
[INFO][VM][EVENT][THREAD_RUNNING] - thread_ID: [0]
[INFO][VM][EVENT][THREAD_RUNNING] - thread_ID: [0]
[INFO][VM][EVENT][THREAD_RUNNING] - thread_ID: [0]
[INFO][VM][EVENT][THREAD_RUNNING] - thread_ID: [0]
[INFO][VM][EVENT][THREAD_WAIT] - thread_ID: [0]
[INFO][VM][EVENT][RELOAD_CREW] - New flightAttendent ID:[1] Joined the crew
[INFO][VM][EVENT][THREAD_POOL_SIZE] - thread pool size :[0]
[INFO][VM][EVENT][THREAD_RUNNING] - thread_ID: [1]
[INFO][VM][EVENT][THREAD_RUNNING] - thread_ID: [1]
[INFO][VM][EVENT][RELOAD_CREW] - New flightAttendent ID:[2] Joined the crew
[INFO][VM][EVENT][THREAD_RUNNING] - thread_ID: [2]
[INFO][VM][EVENT][THREAD_RUNNING] - thread_ID: [2]
[INFO][VM][EVENT][THREAD_RUNNING] - thread_ID: [2]
[INFO][VM][EVENT][THREAD_DONE] - thread_ID: [2]
[INFO][VM][EVENT][THREAD_WAIT] - thread_ID: [1]
[INFO][VM][EVENT][THREAD_WAIT] - thread_ID: [0]
[INFO][VM][EVENT][THREAD_RUNNING] - thread_ID: [1]
[INFO][VM][EVENT][THREAD_RUNNING] - thread_ID: [1]
[INFO][VM][EVENT][THREAD_DONE] - thread_ID: [1]
[INFO][VM][EVENT][THREAD_RUNNING] - thread_ID: [1]
[INFO][VM][EVENT][THREAD_RUNNING] - thread_ID: [0]
[INFO][VM][EVENT][THREAD_RUNNING] - thread_ID: [0]
[INFO][VM][EVENT][THREAD_RUNNING] - thread_ID: [0]
[INFO][VM][EVENT][THREAD_DONE] - thread_ID: [0]
[INFO][VM][EVENT][RELOAD_CREW] - New flightAttendent ID:[0] Joined the crew
[INFO][VM][EVENT][RELOAD_CREW] - New flightAttendent ID:[1] Joined the crew
[INFO][VM][EVENT][RELOAD_CREW] - New flightAttendent ID:[2] Joined the crew
[INFO][VM][EVENT][THREAD_POOL_SIZE] - thread pool size :[0]
[INFO][VM][EVENT][THREAD_RUNNING] - thread_ID: [0]
[INFO][VM][EVENT][THREAD_RUNNING] - thread_ID: [0]
[INFO][VM][EVENT][THREAD_RUNNING] - thread_ID: [0]
[INFO][VM][EVENT][THREAD_RUNNING] - thread_ID: [0]
[INFO][VM][EVENT][THREAD_WAIT] - thread_ID: [0]
[INFO][VM][EVENT][THREAD_RUNNING] - thread_ID: [1]
[INFO][VM][EVENT][THREAD_WAIT] - thread_ID: [1]
[INFO][VM][EVENT][THREAD_RUNNING] - thread_ID: [1]
[INFO][VM][EVENT][THREAD_WAIT] - thread_ID: [0]
[INFO][VM][EVENT][THREAD_RUNNING] - thread_ID: [2]
[INFO][VM][EVENT][THREAD_RUNNING] - thread_ID: [2]
[INFO][VM][EVENT][THREAD_DONE] - thread_ID: [2]
[INFO][VM][EVENT][THREAD_RUNNING] - thread_ID: [2]
[INFO][VM][EVENT][THREAD_RUNNING] - thread_ID: [1]
[INFO][VM][EVENT][THREAD_RUNNING] - thread_ID: [1]
[INFO][VM][EVENT][THREAD_RUNNING] - thread_ID: [1]
[INFO][VM][EVENT][THREAD_DONE] - thread_ID: [1]
[INFO][VM][EVENT][THREAD_RUNNING] - thread_ID: [0]
[INFO][VM][EVENT][THREAD_RUNNING] - thread_ID: [0]
[INFO][VM][EVENT][THREAD_DONE] - thread_ID: [0]
[INFO][VM][EVENT][THREAD_RUNNING] - thread_ID: [0]
[INFO][VM][EVENT][THREAD_RUNNING] - thread_ID: [0]
[INFO][VM][EVENT][RELOAD_CREW] - New flightAttendent ID:[0] Joined the crew
[INFO][VM][EVENT][THREAD_POOL_SIZE] - thread pool size :[1]
[INFO][VM][EVENT][THREAD_RUNNING] - thread_ID: [0]
[INFO][VM][EVENT][THREAD_RUNNING] - thread_ID: [0]
[INFO][VM][EVENT][THREAD_WAIT] - thread_ID: [0]
[INFO][VM][EVENT][THREAD_RUNNING] - thread_ID: [0]
[INFO][VM][EVENT][THREAD_RUNNING] - thread_ID: [1]
[INFO][VM][EVENT][RELOAD_CREW] - New flightAttendent ID:[1] Joined the crew
[INFO][VM][EVENT][THREAD_WAIT] - thread_ID: [1]
[INFO][VM][EVENT][THREAD_RUNNING] - thread_ID: [1]
[INFO][VM][EVENT][RELOAD_CREW] - New flightAttendent ID:[2] Joined the crew
[INFO][VM][EVENT][THREAD_RUNNING] - thread_ID: [2]
[INFO][VM][EVENT][THREAD_WAIT] - thread_ID: [0]
[INFO][VM][EVENT][THREAD_RUNNING] - thread_ID: [2]
[INFO][VM][EVENT][THREAD_RUNNING] - thread_ID: [2]
[INFO][VM][EVENT][THREAD_RUNNING] - thread_ID: [1]
[INFO][VM][EVENT][THREAD_DONE] - thread_ID: [2]
[INFO][VM][EVENT][THREAD_RUNNING] - thread_ID: [1]
[INFO][VM][EVENT][THREAD_RUNNING] - thread_ID: [1]
[INFO][VM][EVENT][THREAD_RUNNING] - thread_ID: [0]
[INFO][VM][EVENT][THREAD_DONE] - thread_ID: [1]
[INFO][VM][EVENT][THREAD_RUNNING] - thread_ID: [0]
[INFO][VM][EVENT][THREAD_RUNNING] - thread_ID: [0]
